<?xml version="1.0" encoding="UTF-8"?>
<testsuite xmlns:xsi="http://www.w3.org/2001/XMLSchema-instance" xsi:noNamespaceSchemaLocation="https://maven.apache.org/surefire/maven-surefire-plugin/xsd/surefire-test-report.xsd" version="3.0.2" name="com.example.webookchallenge.WebookchallengeApplicationTests" time="10.388" tests="1" errors="0" skipped="0" failures="0">
  <properties>
[...]
</properties>
  <testcase name="contextLoads" classname="com.example.webookchallenge.WebookchallengeApplicationTests" time="2.019">
    <system-out><![CDATA[16:56:57.326 [main] INFO org.springframework.test.context.support.AnnotationConfigContextLoaderUtils -- Could not detect default configuration classes for test class [com.example.webookchallenge.WebookchallengeApplicationTests]: WebookchallengeApplicationTests does not declare any static, non-private, non-final, nested classes annotated with @Configuration.
16:56:57.776 [main] INFO org.springframework.boot.test.context.SpringBootTestContextBootstrapper -- Found @SpringBootConfiguration com.example.webookchallenge.WebookchallengeApplication for test class com.example.webookchallenge.WebookchallengeApplicationTests
16:56:58.351 [main] INFO org.springframework.boot.devtools.restart.RestartApplicationListener -- Restart disabled due to context in which it is running

  .   ____          _            __ _ _
 /\\ / ___'_ __ _ _(_)_ __  __ _ \ \ \ \
( ( )\___ | '_ | '_| | '_ \/ _` | \ \ \ \
 \\/  ___)| |_)| | | | | || (_| |  ) ) ) )
  '  |____| .__|_| |_|_| |_\__, | / / / /
 =========|_|==============|___/=/_/_/_/

 :: Spring Boot ::                (v3.5.6)

16:56:59.334 [main] INFO  c.e.w.WebookchallengeApplicationTests - Starting WebookchallengeApplicationTests using Java 25.0.1 with PID 19520 (started by Dell in C:\Users\Dell\Documents\GitHub\task-bfhl)
16:56:59.338 [main] INFO  c.e.w.WebookchallengeApplicationTests - No active profile set, falling back to 1 default profile: "default"
16:57:03.491 [main] INFO  c.e.w.WebookchallengeApplicationTests - Started WebookchallengeApplicationTests in 5.18 seconds (process running for 8.636)
16:57:03.513 [main] INFO  c.e.w.r.ApplicationStartupRunner - SPRING BOOT APPLICATION STARTED SUCCESSFULLY!
16:57:03.513 [main] INFO  c.e.w.r.ApplicationStartupRunner - ⚡ Triggering webhook challenge automatically...
16:57:03.515 [main] INFO  c.e.w.s.WebhookChallengeService -  STARTING WEBHOOK CHALLENGE
16:57:03.515 [main] INFO  c.e.w.s.WebhookChallengeService -  Step 1: Sending POST request to generate webhook...
16:57:03.515 [main] INFO  c.e.w.s.WebhookChallengeService - Sending POST request to: https://bfhldevapigw.healthrx.co.in/hiring/generateWebhook/JAVA
16:57:03.523 [main] INFO  c.e.w.s.WebhookChallengeService - Request payload: name='Tanmay Patel', regNo='2911', email='tptanmaypatel9@gmail.com'
16:57:03.523 [main] INFO  c.e.w.s.WebhookChallengeService - Making POST request...
16:57:03.873 [main] DEBUG o.s.web.client.RestTemplate - HTTP POST https://bfhldevapigw.healthrx.co.in/hiring/generateWebhook/JAVA
16:57:04.032 [main] DEBUG o.s.web.client.RestTemplate - Accept=[application/json, application/*+json]
16:57:04.063 [main] DEBUG o.s.web.client.RestTemplate - Writing [com.example.webookchallenge.model.WebhookRequest@5e26f1ed] as "application/json"
16:57:04.979 [main] DEBUG o.s.web.client.RestTemplate - Response 200 OK
16:57:04.979 [main] DEBUG o.s.web.client.RestTemplate - Reading to [com.example.webookchallenge.model.WebhookResponse]
16:57:05.067 [main] INFO  c.e.w.s.WebhookChallengeService - Response status: 200 OK
16:57:05.067 [main] INFO  c.e.w.s.WebhookChallengeService - Webhook generation successful!
16:57:05.067 [main] INFO  c.e.w.s.WebhookChallengeService - Response body received with webhook and accessToken
16:57:05.067 [main] INFO  c.e.w.s.WebhookChallengeService - Webhook generation successful!
16:57:05.067 [main] INFO  c.e.w.s.WebhookChallengeService - Webhook URL: https://bfhldevapigw.healthrx.co.in/hiring/testWebhook/JAVA
16:57:05.067 [main] INFO  c.e.w.s.WebhookChallengeService - Access Token: eyJhbGciOiJIUzI1NiJ9...
16:57:05.067 [main] INFO  c.e.w.s.WebhookChallengeService - Step 2: Solving SQL problem...
16:57:05.067 [main] INFO  c.e.w.s.WebhookChallengeService - Solving SQL Problem: Find highest salary NOT paid on 1st day of month
16:57:05.067 [main] INFO  c.e.w.s.WebhookChallengeService - Required output columns: SALARY, NAME, AGE, DEPARTMENT_NAME
16:57:05.074 [main] INFO  c.e.w.s.WebhookChallengeService - Final SQL query prepared for submission
16:57:05.074 [main] INFO  c.e.w.s.WebhookChallengeService - SQL solution generated successfully
16:57:05.074 [main] INFO  c.e.w.s.WebhookChallengeService - Step 3: Submitting solution to webhook URL...
16:57:05.074 [main] INFO  c.e.w.s.WebhookChallengeService - Submitting solution to webhook URL...
16:57:05.076 [main] INFO  c.e.w.s.WebhookChallengeService - Submission URL: https://bfhldevapigw.healthrx.co.in/hiring/testWebhook/JAVA
16:57:05.076 [main] INFO  c.e.w.s.WebhookChallengeService - Solution payload created with finalQuery
16:57:05.076 [main] INFO  c.e.w.s.WebhookChallengeService - Final SQL Query being submitted:
16:57:05.076 [main] INFO  c.e.w.s.WebhookChallengeService - Making POST request to submit solution...
16:57:05.076 [main] DEBUG o.s.web.client.RestTemplate - HTTP POST https://bfhldevapigw.healthrx.co.in/hiring/testWebhook/JAVA
16:57:05.083 [main] DEBUG o.s.web.client.RestTemplate - Accept=[text/plain, application/json, application/*+json, */*]
16:57:05.087 [main] DEBUG o.s.web.client.RestTemplate - Writing [com.example.webookchallenge.model.SolutionRequest@ccd341d] as "application/json"
16:57:05.138 [main] DEBUG o.s.web.client.RestTemplate - Response 200 OK
16:57:05.154 [main] DEBUG o.s.web.client.RestTemplate - Reading to [java.lang.String] as "application/json"
16:57:05.154 [main] INFO  c.e.w.s.WebhookChallengeService - Submission response status: 200 OK
16:57:05.154 [main] INFO  c.e.w.s.WebhookChallengeService - SOLUTION SUBMITTED SUCCESSFULLY!
16:57:05.154 [main] INFO  c.e.w.s.WebhookChallengeService -  Response body: {"success":true,"message":"Webhook processed successfully"}
16:57:05.154 [main] INFO  c.e.w.s.WebhookChallengeService - WEBHOOK CHALLENGE COMPLETED
]]></system-out>
    <system-err><![CDATA[Mockito is currently self-attaching to enable the inline-mock-maker. This will no longer work in future releases of the JDK. Please add Mockito as an agent to your build as described in Mockito's documentation: https://javadoc.io/doc/org.mockito/mockito-core/latest/org.mockito/org/mockito/Mockito.html#0.3
WARNING: A Java agent has been loaded dynamically (C:\Users\Dell\.m2\repository\net\bytebuddy\byte-buddy-agent\1.17.7\byte-buddy-agent-1.17.7.jar)
WARNING: If a serviceability tool is in use, please run with -XX:+EnableDynamicAgentLoading to hide this warning
WARNING: If a serviceability tool is not in use, please run with -Djdk.instrument.traceUsage for more information
WARNING: Dynamic loading of agents will be disallowed by default in a future release
]]></system-err>
  </testcase>
</testsuite>