<?xml version="1.0" encoding="UTF-8"?>
<testsuite xmlns:xsi="http://www.w3.org/2001/XMLSchema-instance" xsi:noNamespaceSchemaLocation="https://maven.apache.org/surefire/maven-surefire-plugin/xsd/surefire-test-report.xsd" version="3.0.2" name="com.example.webookchallenge.WebookchallengeApplicationTests" time="9.176" tests="1" errors="0" skipped="0" failures="0">
  <properties>
[...]
</properties>
  <testcase name="contextLoads" classname="com.example.webookchallenge.WebookchallengeApplicationTests" time="2.207">
    <system-out><![CDATA[15:00:13.847 [main] INFO org.springframework.test.context.support.AnnotationConfigContextLoaderUtils -- Could not detect default configuration classes for test class [com.example.webookchallenge.WebookchallengeApplicationTests]: WebookchallengeApplicationTests does not declare any static, non-private, non-final, nested classes annotated with @Configuration.
15:00:14.093 [main] INFO org.springframework.boot.test.context.SpringBootTestContextBootstrapper -- Found @SpringBootConfiguration com.example.webookchallenge.WebookchallengeApplication for test class com.example.webookchallenge.WebookchallengeApplicationTests
15:00:14.405 [main] INFO org.springframework.boot.devtools.restart.RestartApplicationListener -- Restart disabled due to context in which it is running

  .   ____          _            __ _ _
 /\\ / ___'_ __ _ _(_)_ __  __ _ \ \ \ \
( ( )\___ | '_ | '_| | '_ \/ _` | \ \ \ \
 \\/  ___)| |_)| | | | | || (_| |  ) ) ) )
  '  |____| .__|_| |_|_| |_\__, | / / / /
 =========|_|==============|___/=/_/_/_/

 :: Spring Boot ::                (v3.5.6)

15:00:15.112 [main] INFO  c.e.w.WebookchallengeApplicationTests - Starting WebookchallengeApplicationTests using Java 21.0.8 with PID 338664 (started by vedansh in /home/vedansh/Documents/webookchallenge)
15:00:15.114 [main] INFO  c.e.w.WebookchallengeApplicationTests - No active profile set, falling back to 1 default profile: "default"
15:00:18.351 [main] INFO  c.e.w.WebookchallengeApplicationTests - Started WebookchallengeApplicationTests in 3.975 seconds (process running for 6.395)
15:00:18.356 [main] INFO  c.e.w.r.ApplicationStartupRunner - SPRING BOOT APPLICATION STARTED SUCCESSFULLY!
15:00:18.356 [main] INFO  c.e.w.r.ApplicationStartupRunner - ⚡ Triggering webhook challenge automatically...
15:00:18.356 [main] INFO  c.e.w.s.WebhookChallengeService - 🚀 STARTING WEBHOOK CHALLENGE
15:00:18.357 [main] INFO  c.e.w.s.WebhookChallengeService - 📡 Step 1: Sending POST request to generate webhook...
15:00:18.357 [main] INFO  c.e.w.s.WebhookChallengeService - Sending POST request to: https://bfhldevapigw.healthrx.co.in/hiring/generateWebhook/JAVA
15:00:18.359 [main] INFO  c.e.w.s.WebhookChallengeService - Request payload: name='Vedansh Jain', regNo='187', email='vedansh.code@gmail.com'
15:00:18.363 [main] INFO  c.e.w.s.WebhookChallengeService - Making POST request...
15:00:18.666 [main] DEBUG o.s.web.client.RestTemplate - HTTP POST https://bfhldevapigw.healthrx.co.in/hiring/generateWebhook/JAVA
15:00:18.777 [main] DEBUG o.s.web.client.RestTemplate - Accept=[application/json, application/*+json]
15:00:18.818 [main] DEBUG o.s.web.client.RestTemplate - Writing [com.example.webookchallenge.model.WebhookRequest@3946075] as "application/json"
15:00:20.194 [main] DEBUG o.s.web.client.RestTemplate - Response 200 OK
15:00:20.199 [main] DEBUG o.s.web.client.RestTemplate - Reading to [com.example.webookchallenge.model.WebhookResponse]
15:00:20.234 [main] INFO  c.e.w.s.WebhookChallengeService - Response status: 200 OK
15:00:20.234 [main] INFO  c.e.w.s.WebhookChallengeService - Webhook generation successful!
15:00:20.234 [main] INFO  c.e.w.s.WebhookChallengeService - Response body received with webhook and accessToken
15:00:20.234 [main] INFO  c.e.w.s.WebhookChallengeService - Webhook generation successful!
15:00:20.237 [main] INFO  c.e.w.s.WebhookChallengeService - Webhook URL: https://bfhldevapigw.healthrx.co.in/hiring/testWebhook/JAVA
15:00:20.238 [main] INFO  c.e.w.s.WebhookChallengeService - Access Token: eyJhbGciOiJIUzI1NiJ9...
15:00:20.238 [main] INFO  c.e.w.s.WebhookChallengeService - Step 2: Solving SQL problem for regNo 187 (Odd)...
15:00:20.240 [main] INFO  c.e.w.s.WebhookChallengeService - Solving SQL Problem: Find highest salary NOT paid on 1st day of month
15:00:20.240 [main] INFO  c.e.w.s.WebhookChallengeService - Required output columns: SALARY, NAME, AGE, DEPARTMENT_NAME
15:00:20.240 [main] INFO  c.e.w.s.WebhookChallengeService - Final SQL query prepared for submission
15:00:20.240 [main] INFO  c.e.w.s.WebhookChallengeService - SQL solution generated successfully
15:00:20.244 [main] INFO  c.e.w.s.WebhookChallengeService - Step 3: Submitting solution to webhook URL...
15:00:20.244 [main] INFO  c.e.w.s.WebhookChallengeService - Submitting solution to webhook URL...
15:00:20.244 [main] INFO  c.e.w.s.WebhookChallengeService - Submission URL: https://bfhldevapigw.healthrx.co.in/hiring/testWebhook/JAVA
15:00:20.245 [main] INFO  c.e.w.s.WebhookChallengeService - Solution payload created with finalQuery
15:00:20.245 [main] INFO  c.e.w.s.WebhookChallengeService - Final SQL Query being submitted:
15:00:20.245 [main] INFO  c.e.w.s.WebhookChallengeService - Making POST request to submit solution...
15:00:20.247 [main] DEBUG o.s.web.client.RestTemplate - HTTP POST https://bfhldevapigw.healthrx.co.in/hiring/testWebhook/JAVA
15:00:20.251 [main] DEBUG o.s.web.client.RestTemplate - Accept=[text/plain, application/json, application/*+json, */*]
15:00:20.253 [main] DEBUG o.s.web.client.RestTemplate - Writing [com.example.webookchallenge.model.SolutionRequest@5db948c9] as "application/json"
15:00:20.333 [main] DEBUG o.s.web.client.RestTemplate - Response 200 OK
15:00:20.334 [main] DEBUG o.s.web.client.RestTemplate - Reading to [java.lang.String] as "application/json"
15:00:20.335 [main] INFO  c.e.w.s.WebhookChallengeService - Submission response status: 200 OK
15:00:20.351 [main] INFO  c.e.w.s.WebhookChallengeService - SOLUTION SUBMITTED SUCCESSFULLY!
15:00:20.351 [main] INFO  c.e.w.s.WebhookChallengeService - 📄 Response body: {"success":true,"message":"Webhook processed successfully"}
15:00:20.351 [main] INFO  c.e.w.s.WebhookChallengeService - WEBHOOK CHALLENGE COMPLETED
]]></system-out>
    <system-err><![CDATA[Mockito is currently self-attaching to enable the inline-mock-maker. This will no longer work in future releases of the JDK. Please add Mockito as an agent to your build as described in Mockito's documentation: https://javadoc.io/doc/org.mockito/mockito-core/latest/org.mockito/org/mockito/Mockito.html#0.3
WARNING: A Java agent has been loaded dynamically (/home/vedansh/.m2/repository/net/bytebuddy/byte-buddy-agent/1.17.7/byte-buddy-agent-1.17.7.jar)
WARNING: If a serviceability tool is in use, please run with -XX:+EnableDynamicAgentLoading to hide this warning
WARNING: If a serviceability tool is not in use, please run with -Djdk.instrument.traceUsage for more information
WARNING: Dynamic loading of agents will be disallowed by default in a future release
]]></system-err>
  </testcase>
</testsuite>